<?xml version="1.0" encoding="UTF-8"?>
<testng-results skipped="0" failed="1" ignored="0" total="2" passed="1">
  <reporter-output>
  </reporter-output>
  <suite name="Default suite" duration-ms="106924" started-at="2018-06-29T14:48:21Z" finished-at="2018-06-29T14:50:08Z">
    <groups>
    </groups>
    <test name="Default test" duration-ms="106924" started-at="2018-06-29T14:48:21Z" finished-at="2018-06-29T14:50:08Z">
      <class name="com.eBay.tests.SmokeTests">
        <test-method status="PASS" signature="beforeClassTasks()[pri:0, instance:com.eBay.tests.SmokeTests@1e88b3c]" name="beforeClassTasks" is-config="true" duration-ms="18942" started-at="2018-06-29T14:48:02Z" finished-at="2018-06-29T14:48:21Z">
          <reporter-output>
          </reporter-output>
        </test-method> <!-- beforeClassTasks -->
        <test-method status="PASS" signature="beforeTest()[pri:0, instance:com.eBay.tests.SmokeTests@1e88b3c]" name="beforeTest" is-config="true" duration-ms="10752" started-at="2018-06-29T14:48:21Z" finished-at="2018-06-29T14:48:32Z">
          <reporter-output>
          </reporter-output>
        </test-method> <!-- beforeTest -->
        <test-method status="PASS" signature="checkoutWithExpensiveItem()[pri:1, instance:com.eBay.tests.SmokeTests@1e88b3c]" name="checkoutWithExpensiveItem" duration-ms="61649" started-at="2018-06-29T14:48:32Z" description="Checkout With Expensive TV in current results screen" finished-at="2018-06-29T14:49:33Z">
          <reporter-output>
          </reporter-output>
        </test-method> <!-- checkoutWithExpensiveItem -->
        <test-method status="PASS" signature="afterTest()[pri:0, instance:com.eBay.tests.SmokeTests@1e88b3c]" name="afterTest" is-config="true" duration-ms="1358" started-at="2018-06-29T14:49:36Z" finished-at="2018-06-29T14:49:37Z">
          <reporter-output>
          </reporter-output>
        </test-method> <!-- afterTest -->
        <test-method status="PASS" signature="beforeTest()[pri:0, instance:com.eBay.tests.SmokeTests@1e88b3c]" name="beforeTest" is-config="true" duration-ms="8935" started-at="2018-06-29T14:49:37Z" finished-at="2018-06-29T14:49:46Z">
          <reporter-output>
          </reporter-output>
        </test-method> <!-- beforeTest -->
        <test-method status="FAIL" signature="failingTestCase()[pri:2, instance:com.eBay.tests.SmokeTests@1e88b3c]" name="failingTestCase" duration-ms="19039" started-at="2018-06-29T14:49:46Z" description="Failng Test Case" finished-at="2018-06-29T14:50:05Z">
          <exception class="java.lang.RuntimeException">
            <message>
              <![CDATA[Element com.ebay.mobile:id/edit_text_username is present in screen]]>
            </message>
            <full-stacktrace>
              <![CDATA[java.lang.RuntimeException: Element com.ebay.mobile:id/edit_text_username is present in screen
at com.eBay.wrappers.Element.elementNotPresent(Element.java:108)
at com.eBay.screens.SignInScreen.amINotHere(SignInScreen.java:32)
at com.eBay.tests.SmokeTests.failingTestCase(SmokeTests.java:66)
at sun.reflect.NativeMethodAccessorImpl.invoke0(Native Method)
at sun.reflect.NativeMethodAccessorImpl.invoke(NativeMethodAccessorImpl.java:62)
at sun.reflect.DelegatingMethodAccessorImpl.invoke(DelegatingMethodAccessorImpl.java:43)
at java.lang.reflect.Method.invoke(Method.java:497)
at org.testng.internal.MethodInvocationHelper.invokeMethod(MethodInvocationHelper.java:124)
at org.testng.internal.Invoker.invokeMethod(Invoker.java:580)
at org.testng.internal.Invoker.invokeTestMethod(Invoker.java:716)
at org.testng.internal.Invoker.invokeTestMethods(Invoker.java:988)
at org.testng.internal.TestMethodWorker.invokeTestMethods(TestMethodWorker.java:125)
at org.testng.internal.TestMethodWorker.run(TestMethodWorker.java:109)
at org.testng.TestRunner.privateRun(TestRunner.java:648)
at org.testng.TestRunner.run(TestRunner.java:505)
at org.testng.SuiteRunner.runTest(SuiteRunner.java:455)
at org.testng.SuiteRunner.runSequentially(SuiteRunner.java:450)
at org.testng.SuiteRunner.privateRun(SuiteRunner.java:415)
at org.testng.SuiteRunner.run(SuiteRunner.java:364)
at org.testng.SuiteRunnerWorker.runSuite(SuiteRunnerWorker.java:52)
at org.testng.SuiteRunnerWorker.run(SuiteRunnerWorker.java:84)
at org.testng.TestNG.runSuitesSequentially(TestNG.java:1208)
at org.testng.TestNG.runSuitesLocally(TestNG.java:1137)
at org.testng.TestNG.runSuites(TestNG.java:1049)
at org.testng.TestNG.run(TestNG.java:1017)
at org.testng.remote.AbstractRemoteTestNG.run(AbstractRemoteTestNG.java:114)
at org.testng.remote.RemoteTestNG.initAndRun(RemoteTestNG.java:251)
at org.testng.remote.RemoteTestNG.main(RemoteTestNG.java:77)
]]>
            </full-stacktrace>
          </exception> <!-- java.lang.RuntimeException -->
          <reporter-output>
          </reporter-output>
        </test-method> <!-- failingTestCase -->
        <test-method status="PASS" signature="afterTest()[pri:0, instance:com.eBay.tests.SmokeTests@1e88b3c]" name="afterTest" is-config="true" duration-ms="1350" started-at="2018-06-29T14:50:06Z" finished-at="2018-06-29T14:50:08Z">
          <reporter-output>
          </reporter-output>
        </test-method> <!-- afterTest -->
        <test-method status="PASS" signature="afterClassTasks()[pri:0, instance:com.eBay.tests.SmokeTests@1e88b3c]" name="afterClassTasks" is-config="true" duration-ms="4189" started-at="2018-06-29T14:50:08Z" finished-at="2018-06-29T14:50:12Z">
          <reporter-output>
          </reporter-output>
        </test-method> <!-- afterClassTasks -->
      </class> <!-- com.eBay.tests.SmokeTests -->
    </test> <!-- Default test -->
  </suite> <!-- Default suite -->
</testng-results>
